<?xml version="1.0" encoding="UTF-8"?>
<!-- Generated by org.testng.reporters.JUnitReportReporter -->
<testsuite hostname="DESKTOP-OFG1OHG" failures="0" tests="1" name="TestCases.VerifySignUp" time="11.618" errors="0" timestamp="2022-04-13T20:04:35 IST" skipped="0">
  <testcase classname="TestCases.VerifySignUp" name="signUp" time="11.618"/>
  <system-out/>
</testsuite> <!-- TestCases.VerifySignUp -->
